2015-10-28 11:26:40.5561|INFO|VlrLoader.Program|Starting the loading process
2015-10-28 11:27:29.8847|ERROR|VlrLoader.Program|ERROR ON LOAD FILE: MSS01SIM_User data_2015-10-1-23-0-0_ImmdTask12001.txt    в System.String.Substring(Int32 startIndex, Int32 length)
   в VlrLoader.Utils.insertVlr(SqlConnection sqlConnection, SqlTransaction sqlTransaction, String[] rows, Int64 idVlrFile) в d:\Projects\VlrLoader\VlrLoader\Utils.cs:строка 209
   в VlrLoader.Program.Main(String[] args) в d:\Projects\VlrLoader\VlrLoader\Program.cs:строка 64 Индекс и длина должны указывать на позицию в строке.
Имя параметра: length
2015-10-28 11:33:27.9684|INFO|VlrLoader.Program|Starting the loading process
2015-10-28 11:34:17.5064|INFO|VlrLoader.Program|Starting the loading process
2015-10-28 11:35:00.8325|INFO|VlrLoader.Program|Starting the loading process
2015-10-28 11:35:49.5410|ERROR|VlrLoader.Program|ERROR ON LOAD FILE: MSS01SIM_User data_2015-10-1-23-0-0_ImmdTask12001.txt    в System.String.Substring(Int32 startIndex, Int32 length)
   в VlrLoader.Utils.insertVlr(SqlConnection sqlConnection, SqlTransaction sqlTransaction, String[] rows, Int64 idVlrFile) в d:\Projects\VlrLoader\VlrLoader\Utils.cs:строка 219
   в VlrLoader.Program.Main(String[] args) в d:\Projects\VlrLoader\VlrLoader\Program.cs:строка 64 Индекс и длина должны указывать на позицию в строке.
Имя параметра: length
2015-10-28 11:38:35.8990|INFO|VlrLoader.Program|Starting the loading process
2015-10-28 11:38:43.0526|INFO|VlrLoader.Program|Loading process is finished
2015-10-28 14:39:01.6004|INFO|VlrLoader.Program|Starting the loading process
2015-10-28 14:39:22.4244|INFO|VlrLoader.Program|Loading process is finished
2015-10-28 14:41:50.9183|INFO|VlrLoader.Program|Starting the loading process
2015-10-28 14:41:51.0130|ERROR|VlrLoader.Program|ERROR ON LOAD FILE: MSS01SIM_User data_2015-10-1-23-0-0_ImmdTask12001.txt    в VlrLoader.Utils.checkExistenceVlrFile(String fileName) в d:\Projects\VlrLoader\VlrLoader\Utils.cs:строка 288
   в VlrLoader.Program.Main(String[] args) в d:\Projects\VlrLoader\VlrLoader\Program.cs:строка 52 FILE ALREADY EXISTS IN VLR_FILE. File name: MSS01SIM_User data_2015-10-1-23-0-0_ImmdTask12001.txt
2015-10-28 14:42:01.6015|ERROR|VlrLoader.Program|ERROR ON LOAD FILE: MSS01SIM_User data_2015-10-1-23-0-0_ImmdTask12006.txt    в System.Data.DataRow.set_ItemArray(Object[] value)
   в VlrLoader.Utils.bulkInsert(String[] rows, Int64 idVlrFile) в d:\Projects\VlrLoader\VlrLoader\Utils.cs:строка 317
   в VlrLoader.Program.Main(String[] args) в d:\Projects\VlrLoader\VlrLoader\Program.cs:строка 64 Длина входного массива больше числа столбцов в этой таблице.
2015-10-28 14:42:26.3218|INFO|VlrLoader.Program|Loading process is finished
2015-10-28 14:43:49.4334|INFO|VlrLoader.Program|Starting the loading process
2015-10-28 14:43:49.4864|ERROR|VlrLoader.Program|ERROR ON LOAD FILE: MSS01SIM_User data_2015-10-1-23-0-0_ImmdTask12001.txt    в VlrLoader.Utils.checkExistenceVlrFile(String fileName) в d:\Projects\VlrLoader\VlrLoader\Utils.cs:строка 288
   в VlrLoader.Program.Main(String[] args) в d:\Projects\VlrLoader\VlrLoader\Program.cs:строка 52 FILE ALREADY EXISTS IN VLR_FILE. File name: MSS01SIM_User data_2015-10-1-23-0-0_ImmdTask12001.txt
2015-10-28 14:43:49.4924|ERROR|VlrLoader.Program|ERROR ON LOAD FILE: MSS01SIM_User data_2015-10-1-23-0-0_ImmdTask12002.txt    в VlrLoader.Utils.checkExistenceVlrFile(String fileName) в d:\Projects\VlrLoader\VlrLoader\Utils.cs:строка 288
   в VlrLoader.Program.Main(String[] args) в d:\Projects\VlrLoader\VlrLoader\Program.cs:строка 52 FILE ALREADY EXISTS IN VLR_FILE. File name: MSS01SIM_User data_2015-10-1-23-0-0_ImmdTask12002.txt
2015-10-28 14:44:00.6158|ERROR|VlrLoader.Program|ERROR ON LOAD FILE: MSS01SIM_User data_2015-10-1-23-0-0_ImmdTask12007.txt    в VlrLoader.Utils.checkExistenceVlrFile(String fileName) в d:\Projects\VlrLoader\VlrLoader\Utils.cs:строка 288
   в VlrLoader.Program.Main(String[] args) в d:\Projects\VlrLoader\VlrLoader\Program.cs:строка 52 FILE ALREADY EXISTS IN VLR_FILE. File name: MSS01SIM_User data_2015-10-1-23-0-0_ImmdTask12007.txt
2015-10-28 14:44:00.6312|ERROR|VlrLoader.Program|ERROR ON LOAD FILE: MSS01SIM_User data_2015-10-10-23-0-0_ImmdTask12001.txt    в VlrLoader.Utils.checkExistenceVlrFile(String fileName) в d:\Projects\VlrLoader\VlrLoader\Utils.cs:строка 288
   в VlrLoader.Program.Main(String[] args) в d:\Projects\VlrLoader\VlrLoader\Program.cs:строка 52 FILE ALREADY EXISTS IN VLR_FILE. File name: MSS01SIM_User data_2015-10-10-23-0-0_ImmdTask12001.txt
2015-10-28 14:44:00.6486|ERROR|VlrLoader.Program|ERROR ON LOAD FILE: MSS01SIM_User data_2015-10-10-23-0-0_ImmdTask12007.txt    в VlrLoader.Utils.checkExistenceVlrFile(String fileName) в d:\Projects\VlrLoader\VlrLoader\Utils.cs:строка 288
   в VlrLoader.Program.Main(String[] args) в d:\Projects\VlrLoader\VlrLoader\Program.cs:строка 52 FILE ALREADY EXISTS IN VLR_FILE. File name: MSS01SIM_User data_2015-10-10-23-0-0_ImmdTask12007.txt
2015-10-28 14:44:00.6486|INFO|VlrLoader.Program|Loading process is finished
2015-10-28 14:46:32.7538|INFO|VlrLoader.Program|Starting the loading process
2015-10-28 14:46:32.8445|ERROR|VlrLoader.Program|ERROR ON LOAD FILE: MSS01SIM_User data_2015-10-1-23-0-0_ImmdTask12001.txt    в VlrLoader.Utils.checkExistenceVlrFile(String fileName) в d:\Projects\VlrLoader\VlrLoader\Utils.cs:строка 288
   в VlrLoader.Program.Main(String[] args) в d:\Projects\VlrLoader\VlrLoader\Program.cs:строка 52 FILE ALREADY EXISTS IN VLR_FILE. File name: MSS01SIM_User data_2015-10-1-23-0-0_ImmdTask12001.txt
2015-10-28 14:46:32.8560|ERROR|VlrLoader.Program|ERROR ON LOAD FILE: MSS01SIM_User data_2015-10-1-23-0-0_ImmdTask12002.txt    в VlrLoader.Utils.checkExistenceVlrFile(String fileName) в d:\Projects\VlrLoader\VlrLoader\Utils.cs:строка 288
   в VlrLoader.Program.Main(String[] args) в d:\Projects\VlrLoader\VlrLoader\Program.cs:строка 52 FILE ALREADY EXISTS IN VLR_FILE. File name: MSS01SIM_User data_2015-10-1-23-0-0_ImmdTask12002.txt
2015-10-28 14:46:32.8696|ERROR|VlrLoader.Program|ERROR ON LOAD FILE: MSS01SIM_User data_2015-10-1-23-0-0_ImmdTask12006.txt    в VlrLoader.Utils.checkExistenceVlrFile(String fileName) в d:\Projects\VlrLoader\VlrLoader\Utils.cs:строка 288
   в VlrLoader.Program.Main(String[] args) в d:\Projects\VlrLoader\VlrLoader\Program.cs:строка 52 FILE ALREADY EXISTS IN VLR_FILE. File name: MSS01SIM_User data_2015-10-1-23-0-0_ImmdTask12006.txt
2015-10-28 14:46:32.8831|ERROR|VlrLoader.Program|ERROR ON LOAD FILE: MSS01SIM_User data_2015-10-1-23-0-0_ImmdTask12007.txt    в VlrLoader.Utils.checkExistenceVlrFile(String fileName) в d:\Projects\VlrLoader\VlrLoader\Utils.cs:строка 288
   в VlrLoader.Program.Main(String[] args) в d:\Projects\VlrLoader\VlrLoader\Program.cs:строка 52 FILE ALREADY EXISTS IN VLR_FILE. File name: MSS01SIM_User data_2015-10-1-23-0-0_ImmdTask12007.txt
2015-10-28 14:46:32.8966|ERROR|VlrLoader.Program|ERROR ON LOAD FILE: MSS01SIM_User data_2015-10-10-23-0-0_ImmdTask12001.txt    в VlrLoader.Utils.checkExistenceVlrFile(String fileName) в d:\Projects\VlrLoader\VlrLoader\Utils.cs:строка 288
   в VlrLoader.Program.Main(String[] args) в d:\Projects\VlrLoader\VlrLoader\Program.cs:строка 52 FILE ALREADY EXISTS IN VLR_FILE. File name: MSS01SIM_User data_2015-10-10-23-0-0_ImmdTask12001.txt
2015-10-28 14:46:32.8966|ERROR|VlrLoader.Program|ERROR ON LOAD FILE: MSS01SIM_User data_2015-10-10-23-0-0_ImmdTask12007.txt    в VlrLoader.Utils.checkExistenceVlrFile(String fileName) в d:\Projects\VlrLoader\VlrLoader\Utils.cs:строка 288
   в VlrLoader.Program.Main(String[] args) в d:\Projects\VlrLoader\VlrLoader\Program.cs:строка 52 FILE ALREADY EXISTS IN VLR_FILE. File name: MSS01SIM_User data_2015-10-10-23-0-0_ImmdTask12007.txt
2015-10-28 14:46:32.9118|INFO|VlrLoader.Program|Loading process is finished
2015-10-28 15:31:00.0056|INFO|VlrLoader.Program|Starting the loading process
2015-10-28 15:31:00.4475|ERROR|VlrLoader.Program|ERROR ON LOAD FILE: MSS01SIM_User data_2015-10-1-23-0-0_ImmdTask12001.txt    в VlrLoader.Utils.checkExistenceVlrFile(String fileName) в d:\Projects\VlrLoader\VlrLoader\Utils.cs:строка 290
   в VlrLoader.Program.Main(String[] args) в d:\Projects\VlrLoader\VlrLoader\Program.cs:строка 52 FILE ALREADY EXISTS IN VLR_FILE. File name: MSS01SIM_User data_2015-10-1-23-0-0_ImmdTask12001.txt
2015-10-28 15:31:00.5425|ERROR|VlrLoader.Program|ERROR ON LOAD FILE: MSS01SIM_User data_2015-10-1-23-0-0_ImmdTask12002.txt    в VlrLoader.Utils.checkExistenceVlrFile(String fileName) в d:\Projects\VlrLoader\VlrLoader\Utils.cs:строка 290
   в VlrLoader.Program.Main(String[] args) в d:\Projects\VlrLoader\VlrLoader\Program.cs:строка 52 FILE ALREADY EXISTS IN VLR_FILE. File name: MSS01SIM_User data_2015-10-1-23-0-0_ImmdTask12002.txt
2015-10-28 15:31:00.6637|ERROR|VlrLoader.Program|ERROR ON LOAD FILE: MSS01SIM_User data_2015-10-1-23-0-0_ImmdTask12006.txt    в VlrLoader.Utils.checkExistenceVlrFile(String fileName) в d:\Projects\VlrLoader\VlrLoader\Utils.cs:строка 290
   в VlrLoader.Program.Main(String[] args) в d:\Projects\VlrLoader\VlrLoader\Program.cs:строка 52 FILE ALREADY EXISTS IN VLR_FILE. File name: MSS01SIM_User data_2015-10-1-23-0-0_ImmdTask12006.txt
2015-10-28 15:31:00.7676|ERROR|VlrLoader.Program|ERROR ON LOAD FILE: MSS01SIM_User data_2015-10-1-23-0-0_ImmdTask12007.txt    в VlrLoader.Utils.checkExistenceVlrFile(String fileName) в d:\Projects\VlrLoader\VlrLoader\Utils.cs:строка 290
   в VlrLoader.Program.Main(String[] args) в d:\Projects\VlrLoader\VlrLoader\Program.cs:строка 52 FILE ALREADY EXISTS IN VLR_FILE. File name: MSS01SIM_User data_2015-10-1-23-0-0_ImmdTask12007.txt
2015-10-28 15:31:00.8285|ERROR|VlrLoader.Program|ERROR ON LOAD FILE: MSS01SIM_User data_2015-10-10-23-0-0_ImmdTask12001.txt    в VlrLoader.Utils.checkExistenceVlrFile(String fileName) в d:\Projects\VlrLoader\VlrLoader\Utils.cs:строка 290
   в VlrLoader.Program.Main(String[] args) в d:\Projects\VlrLoader\VlrLoader\Program.cs:строка 52 FILE ALREADY EXISTS IN VLR_FILE. File name: MSS01SIM_User data_2015-10-10-23-0-0_ImmdTask12001.txt
2015-10-28 15:31:00.8745|ERROR|VlrLoader.Program|ERROR ON LOAD FILE: MSS01SIM_User data_2015-10-10-23-0-0_ImmdTask12007.txt    в VlrLoader.Utils.checkExistenceVlrFile(String fileName) в d:\Projects\VlrLoader\VlrLoader\Utils.cs:строка 290
   в VlrLoader.Program.Main(String[] args) в d:\Projects\VlrLoader\VlrLoader\Program.cs:строка 52 FILE ALREADY EXISTS IN VLR_FILE. File name: MSS01SIM_User data_2015-10-10-23-0-0_ImmdTask12007.txt
2015-10-28 15:31:00.8815|INFO|VlrLoader.Program|Loading process is finished
2015-12-03 16:26:15.3146|INFO|VlrLoader.Program|Starting the loading process
2015-12-03 16:26:15.3955|INFO|VlrLoader.Program|Source folder: \\smf-sql-01\c$\VLR\SourceFiles
2015-12-03 16:26:16.5218|ERROR|VlrLoader.Program|ERROR ON LOAD FILE: MSS01SIM_User data_2015-11-29-23-0-4_ImmdTask11001.txt    в VlrLoader.Utils.checkExistenceVlrFile(String fileName) в d:\Projects\VlrLoader\VlrLoader\Utils.cs:строка 295
   в VlrLoader.Program.Main(String[] args) в d:\Projects\VlrLoader\VlrLoader\Program.cs:строка 54 FILE ALREADY EXISTS IN VLR_FILE. File name: MSS01SIM_User data_2015-11-29-23-0-4_ImmdTask11001.txt
2015-12-03 16:26:16.5390|ERROR|VlrLoader.Program|ERROR ON LOAD FILE: MSS01SIM_User data_2015-11-29-23-0-4_ImmdTask11002.txt    в VlrLoader.Utils.checkExistenceVlrFile(String fileName) в d:\Projects\VlrLoader\VlrLoader\Utils.cs:строка 295
   в VlrLoader.Program.Main(String[] args) в d:\Projects\VlrLoader\VlrLoader\Program.cs:строка 54 FILE ALREADY EXISTS IN VLR_FILE. File name: MSS01SIM_User data_2015-11-29-23-0-4_ImmdTask11002.txt
2015-12-03 16:26:16.5530|ERROR|VlrLoader.Program|ERROR ON LOAD FILE: MSS01SIM_User data_2015-11-29-23-0-4_ImmdTask11003.txt    в VlrLoader.Utils.checkExistenceVlrFile(String fileName) в d:\Projects\VlrLoader\VlrLoader\Utils.cs:строка 295
   в VlrLoader.Program.Main(String[] args) в d:\Projects\VlrLoader\VlrLoader\Program.cs:строка 54 FILE ALREADY EXISTS IN VLR_FILE. File name: MSS01SIM_User data_2015-11-29-23-0-4_ImmdTask11003.txt
2015-12-03 16:26:16.5720|ERROR|VlrLoader.Program|ERROR ON LOAD FILE: MSS01SIM_User data_2015-11-29-23-0-4_ImmdTask11004.txt    в VlrLoader.Utils.checkExistenceVlrFile(String fileName) в d:\Projects\VlrLoader\VlrLoader\Utils.cs:строка 295
   в VlrLoader.Program.Main(String[] args) в d:\Projects\VlrLoader\VlrLoader\Program.cs:строка 54 FILE ALREADY EXISTS IN VLR_FILE. File name: MSS01SIM_User data_2015-11-29-23-0-4_ImmdTask11004.txt
2015-12-03 16:26:16.5856|ERROR|VlrLoader.Program|ERROR ON LOAD FILE: MSS01SIM_User data_2015-11-29-23-0-4_ImmdTask11005.txt    в VlrLoader.Utils.checkExistenceVlrFile(String fileName) в d:\Projects\VlrLoader\VlrLoader\Utils.cs:строка 295
   в VlrLoader.Program.Main(String[] args) в d:\Projects\VlrLoader\VlrLoader\Program.cs:строка 54 FILE ALREADY EXISTS IN VLR_FILE. File name: MSS01SIM_User data_2015-11-29-23-0-4_ImmdTask11005.txt
2015-12-03 16:26:16.6036|ERROR|VlrLoader.Program|ERROR ON LOAD FILE: MSS01SIM_User data_2015-11-29-23-0-4_ImmdTask11006.txt    в VlrLoader.Utils.checkExistenceVlrFile(String fileName) в d:\Projects\VlrLoader\VlrLoader\Utils.cs:строка 295
   в VlrLoader.Program.Main(String[] args) в d:\Projects\VlrLoader\VlrLoader\Program.cs:строка 54 FILE ALREADY EXISTS IN VLR_FILE. File name: MSS01SIM_User data_2015-11-29-23-0-4_ImmdTask11006.txt
2015-12-03 16:26:16.6196|ERROR|VlrLoader.Program|ERROR ON LOAD FILE: MSS01SIM_User data_2015-11-29-23-0-4_ImmdTask11007.txt    в VlrLoader.Utils.checkExistenceVlrFile(String fileName) в d:\Projects\VlrLoader\VlrLoader\Utils.cs:строка 295
   в VlrLoader.Program.Main(String[] args) в d:\Projects\VlrLoader\VlrLoader\Program.cs:строка 54 FILE ALREADY EXISTS IN VLR_FILE. File name: MSS01SIM_User data_2015-11-29-23-0-4_ImmdTask11007.txt
2015-12-03 16:26:16.6196|INFO|VlrLoader.Program|Loading process is finished
2015-12-03 17:23:21.6379|INFO|VlrLoader.Program|Starting the loading process
2015-12-03 17:23:21.6499|INFO|VlrLoader.Program|Source folder: \\smf-fs-02\Confidential\For_Amine
2015-12-03 17:23:27.9571|ERROR|VlrLoader.Program|ERROR ON LOAD FILE: MSS01SIM_User data_2015-12-2-23-0-2_ImmdTask11001.txt    в System.DateTimeParse.ParseExact(String s, String format, DateTimeFormatInfo dtfi, DateTimeStyles style)
   в System.DateTime.ParseExact(String s, String format, IFormatProvider provider)
   в VlrLoader.Utils.updateBulkMinMaxDates() в d:\Projects\VlrLoader\VlrLoader\Utils.cs:строка 359
   в VlrLoader.Program.Main(String[] args) в d:\Projects\VlrLoader\VlrLoader\Program.cs:строка 74 Строка не распознана как действительное значение DateTime.
2015-12-03 17:23:32.8593|ERROR|VlrLoader.Program|ERROR ON LOAD FILE: MSS01SIM_User data_2015-12-2-23-0-2_ImmdTask11002.txt    в System.DateTimeParse.ParseExact(String s, String format, DateTimeFormatInfo dtfi, DateTimeStyles style)
   в System.DateTime.ParseExact(String s, String format, IFormatProvider provider)
   в VlrLoader.Utils.updateBulkMinMaxDates() в d:\Projects\VlrLoader\VlrLoader\Utils.cs:строка 359
   в VlrLoader.Program.Main(String[] args) в d:\Projects\VlrLoader\VlrLoader\Program.cs:строка 74 Строка не распознана как действительное значение DateTime.
2015-12-03 17:23:38.6239|ERROR|VlrLoader.Program|ERROR ON LOAD FILE: MSS01SIM_User data_2015-12-2-23-0-2_ImmdTask11003.txt    в System.DateTimeParse.ParseExact(String s, String format, DateTimeFormatInfo dtfi, DateTimeStyles style)
   в System.DateTime.ParseExact(String s, String format, IFormatProvider provider)
   в VlrLoader.Utils.updateBulkMinMaxDates() в d:\Projects\VlrLoader\VlrLoader\Utils.cs:строка 359
   в VlrLoader.Program.Main(String[] args) в d:\Projects\VlrLoader\VlrLoader\Program.cs:строка 74 Строка не распознана как действительное значение DateTime.
2015-12-03 17:25:02.8251|INFO|VlrLoader.Program|Starting the loading process
2015-12-03 17:25:02.8434|INFO|VlrLoader.Program|Source folder: \\smf-fs-02\Confidential\For_Amine
2015-12-03 17:25:12.5896|ERROR|VlrLoader.Program|ERROR ON LOAD FILE: MSS01SIM_User data_2015-12-2-23-0-2_ImmdTask11001.txt    в System.DateTimeParse.ParseExact(String s, String format, DateTimeFormatInfo dtfi, DateTimeStyles style)
   в System.DateTime.ParseExact(String s, String format, IFormatProvider provider)
   в VlrLoader.Utils.updateBulkMinMaxDates() в d:\Projects\VlrLoader\VlrLoader\Utils.cs:строка 362
   в VlrLoader.Program.Main(String[] args) в d:\Projects\VlrLoader\VlrLoader\Program.cs:строка 74 Строка не распознана как действительное значение DateTime.
2015-12-03 17:25:30.0711|INFO|VlrLoader.Program|Starting the loading process
2015-12-03 17:25:30.0852|INFO|VlrLoader.Program|Source folder: \\smf-fs-02\Confidential\For_Amine
2015-12-03 17:25:34.9878|ERROR|VlrLoader.Program|ERROR ON LOAD FILE: MSS01SIM_User data_2015-12-2-23-0-2_ImmdTask11001.txt    в System.DateTimeParse.ParseExact(String s, String format, DateTimeFormatInfo dtfi, DateTimeStyles style)
   в System.DateTime.ParseExact(String s, String format, IFormatProvider provider)
   в VlrLoader.Utils.updateBulkMinMaxDates() в d:\Projects\VlrLoader\VlrLoader\Utils.cs:строка 362
   в VlrLoader.Program.Main(String[] args) в d:\Projects\VlrLoader\VlrLoader\Program.cs:строка 74 Строка не распознана как действительное значение DateTime.
2015-12-03 17:25:39.8979|ERROR|VlrLoader.Program|ERROR ON LOAD FILE: MSS01SIM_User data_2015-12-2-23-0-2_ImmdTask11002.txt    в System.DateTimeParse.ParseExact(String s, String format, DateTimeFormatInfo dtfi, DateTimeStyles style)
   в System.DateTime.ParseExact(String s, String format, IFormatProvider provider)
   в VlrLoader.Utils.updateBulkMinMaxDates() в d:\Projects\VlrLoader\VlrLoader\Utils.cs:строка 362
   в VlrLoader.Program.Main(String[] args) в d:\Projects\VlrLoader\VlrLoader\Program.cs:строка 74 Строка не распознана как действительное значение DateTime.
2015-12-03 17:25:47.7997|INFO|VlrLoader.Program|Starting the loading process
2015-12-03 17:25:47.8127|INFO|VlrLoader.Program|Source folder: \\smf-fs-02\Confidential\For_Amine
2015-12-03 17:25:54.3885|ERROR|VlrLoader.Program|ERROR ON LOAD FILE: MSS01SIM_User data_2015-12-2-23-0-2_ImmdTask11001.txt    в System.DateTimeParse.ParseExact(String s, String format, DateTimeFormatInfo dtfi, DateTimeStyles style)
   в System.DateTime.ParseExact(String s, String format, IFormatProvider provider)
   в VlrLoader.Utils.updateBulkMinMaxDates() в d:\Projects\VlrLoader\VlrLoader\Utils.cs:строка 362
   в VlrLoader.Program.Main(String[] args) в d:\Projects\VlrLoader\VlrLoader\Program.cs:строка 74 Строка не распознана как действительное значение DateTime.
2015-12-03 17:28:12.0587|INFO|VlrLoader.Program|Starting the loading process
2015-12-03 17:28:12.0717|INFO|VlrLoader.Program|Source folder: \\smf-fs-02\Confidential\For_Amine
2015-12-03 17:28:40.4645|ERROR|VlrLoader.Program|ERROR ON LOAD FILE: MSS01SIM_User data_2015-12-2-23-0-2_ImmdTask11005.txt    в System.DateTimeParse.ParseExact(String s, String format, DateTimeFormatInfo dtfi, DateTimeStyles style)
   в System.DateTime.ParseExact(String s, String format, IFormatProvider provider)
   в VlrLoader.Utils.updateBulkMinMaxDates() в d:\Projects\VlrLoader\VlrLoader\Utils.cs:строка 364
   в VlrLoader.Program.Main(String[] args) в d:\Projects\VlrLoader\VlrLoader\Program.cs:строка 74 Строка не распознана как действительное значение DateTime.
2015-12-03 17:29:03.3411|ERROR|VlrLoader.Program|ERROR ON LOAD FILE: MSS02SEV_User data_2015-12-2-23-0-2_ImmdTask10002.txt    в System.DateTimeParse.ParseExact(String s, String format, DateTimeFormatInfo dtfi, DateTimeStyles style)
   в System.DateTime.ParseExact(String s, String format, IFormatProvider provider)
   в VlrLoader.Utils.updateBulkMinMaxDates() в d:\Projects\VlrLoader\VlrLoader\Utils.cs:строка 364
   в VlrLoader.Program.Main(String[] args) в d:\Projects\VlrLoader\VlrLoader\Program.cs:строка 74 Строка не распознана как действительное значение DateTime.
2015-12-03 17:29:29.2948|ERROR|VlrLoader.Program|ERROR ON LOAD FILE: MSS02SEV_User data_2015-12-2-23-0-2_ImmdTask10006.txt    в System.DateTimeParse.ParseExact(String s, String format, DateTimeFormatInfo dtfi, DateTimeStyles style)
   в System.DateTime.ParseExact(String s, String format, IFormatProvider provider)
   в VlrLoader.Utils.updateBulkMinMaxDates() в d:\Projects\VlrLoader\VlrLoader\Utils.cs:строка 364
   в VlrLoader.Program.Main(String[] args) в d:\Projects\VlrLoader\VlrLoader\Program.cs:строка 74 Строка не распознана как действительное значение DateTime.
2015-12-03 17:29:31.5946|INFO|VlrLoader.Program|Loading process is finished
2015-12-03 17:32:37.3045|INFO|VlrLoader.Program|Starting the loading process
2015-12-03 17:32:37.3175|INFO|VlrLoader.Program|Source folder: \\smf-fs-02\Confidential\For_Amine
2015-12-03 17:32:45.1929|ERROR|VlrLoader.Program|ERROR ON LOAD FILE: MSS01SIM_User data_2015-12-2-23-0-2_ImmdTask11001.txt    в System.DateTimeParse.ParseExact(String s, String format, DateTimeFormatInfo dtfi, DateTimeStyles style)
   в System.DateTime.ParseExact(String s, String format, IFormatProvider provider)
   в VlrLoader.Utils.updateBulkMinMaxDates() в d:\Projects\VlrLoader\VlrLoader\Utils.cs:строка 364
   в VlrLoader.Program.Main(String[] args) в d:\Projects\VlrLoader\VlrLoader\Program.cs:строка 74 Строка не распознана как действительное значение DateTime.
2015-12-03 17:32:52.5062|ERROR|VlrLoader.Program|ERROR ON LOAD FILE: MSS01SIM_User data_2015-12-2-23-0-2_ImmdTask11002.txt    в System.DateTimeParse.ParseExact(String s, String format, DateTimeFormatInfo dtfi, DateTimeStyles style)
   в System.DateTime.ParseExact(String s, String format, IFormatProvider provider)
   в VlrLoader.Utils.updateBulkMinMaxDates() в d:\Projects\VlrLoader\VlrLoader\Utils.cs:строка 364
   в VlrLoader.Program.Main(String[] args) в d:\Projects\VlrLoader\VlrLoader\Program.cs:строка 74 Строка не распознана как действительное значение DateTime.
2015-12-03 17:33:51.4470|INFO|VlrLoader.Program|Starting the loading process
2015-12-03 17:33:51.4600|INFO|VlrLoader.Program|Source folder: \\smf-fs-02\Confidential\For_Amine
2015-12-03 17:35:31.7575|INFO|VlrLoader.Program|Loading process is finished
2015-12-03 17:41:17.4398|INFO|VlrLoader.Program|Starting the loading process
2015-12-03 17:41:17.4398|INFO|VlrLoader.Program|Source folder: \\smf-fs-02\Confidential\For_Amine
2015-12-03 17:43:58.9414|INFO|VlrLoader.Program|Starting the loading process
2015-12-03 17:43:58.9414|INFO|VlrLoader.Program|Source folder: \\smf-fs-02\Confidential\For_Amine
2015-12-03 17:45:35.9004|INFO|VlrLoader.Program|Loading process is finished
2015-12-04 11:04:58.9972|INFO|VlrLoader.Program|Starting the loading process
2015-12-04 11:04:59.0102|INFO|VlrLoader.Program|Source folder: \\smf-fs-02\Confidential\For_Amine
2015-12-04 11:06:23.9765|INFO|VlrLoader.Program|Loading process is finished
2015-12-07 14:00:03.6682|INFO|VlrLoader.Program|Starting the loading process
2015-12-07 14:00:03.6812|INFO|VlrLoader.Program|Source folder: \\smf-fs-02\Confidential\For_Amine
2016-01-10 10:25:45.0207|INFO|VlrLoader.Program|Starting the loading process
2016-01-10 10:25:47.1819|INFO|VlrLoader.Program|Source folder: \\smf-sql-01\c$\VLR\SourceFiles
2016-01-10 10:40:13.0356|ERROR|VlrLoader.Program|   в System.Data.SqlClient.SqlTransaction.ZombieCheck()
   в System.Data.SqlClient.SqlTransaction.Rollback()
   в VlrLoader.Program.Main(String[] args) в d:\Projects\VlrLoader\VlrLoader\Program.cs:строка 86 Данный SqlTransaction завершен; его повторное использование невозможно.
2016-01-10 10:40:16.6337|INFO|VlrLoader.Program|Loading process is finished
